[
  {
    "Plan": {
      "Alias": "actor",
      "Filter": "(actor_id = $1)",
      "Node Type": "Seq Scan",
      "Plan Rows": 1,
      "Plan Width": 4,
      "Plans": [
        {
          "Node Type": "Result",
          "Parent Relationship": "InitPlan",
          "Plan Rows": 1,
          "Plan Width": 0,
          "Plans": [
            {
              "Node Type": "Limit",
              "Parent Relationship": "InitPlan",
              "Plan Rows": 1,
              "Plan Width": 4,
              "Plans": [
                {
                  "Alias": "actor_1",
                  "Index Cond": "(actor_id IS NOT NULL)",
                  "Index Name": "actor_idx",
                  "Node Type": "Index Only Scan",
                  "Parent Relationship": "Outer",
                  "Plan Rows": 200,
                  "Plan Width": 4,
                  "Relation Name": "actor",
                  "Scan Direction": "Forward",
                  "Startup Cost": 0.14,
                  "Total Cost": 16.66
                }
              ],
              "Startup Cost": 0.14,
              "Subplan Name": "InitPlan 1 (returns $0)",
              "Total Cost": 0.23
            }
          ],
          "Startup Cost": 0.23,
          "Subplan Name": "InitPlan 2 (returns $1)",
          "Total Cost": 0.24
        }
      ],
      "Relation Name": "actor",
      "Startup Cost": 0.24,
      "Total Cost": 4.74
    }
  }
]