[
   {
     "Plan": {
       "Node Type": "Seq Scan",
       "Relation Name": "actor",
       "Alias": "actor",
       "Startup Cost": 0.24,
       "Total Cost": 4.74,
       "Plan Rows": 1,
       "Plan Width": 25,
       "Filter": "(actor_id = $1)",
       "Plans": [
         {
           "Node Type": "Result",
           "Parent Relationship": "InitPlan",
           "Subplan Name": "InitPlan 2 (returns $1)",
           "Startup Cost": 0.23,
           "Total Cost": 0.24,
           "Plan Rows": 1,
           "Plan Width": 0,
           "Plans": [
             {
               "Node Type": "Limit",
               "Parent Relationship": "InitPlan",
               "Subplan Name": "InitPlan 1 (returns $0)",
               "Startup Cost": 0.14,
               "Total Cost": 0.23,
               "Plan Rows": 1,
               "Plan Width": 4,
               "Plans": [
                 {
                   "Node Type": "Index Only Scan",
                   "Parent Relationship": "Outer",
                   "Scan Direction": "Forward",
                   "Index Name": "actor_idx",
                   "Relation Name": "actor",
                    "Alias": "actor_1",
                   "Startup Cost": 0.14,
                   "Total Cost": 16.66,
                   "Plan Rows": 200,
                   "Plan Width": 4,
                   "Index Cond": "(actor_id IS NOT NULL)"
                 }
               ]
             }
           ]
         }
       ]
     }
   }
 ]
